INFO: [VRFC 10-2263] Analyzing SystemVerilog file "D:/Development/VivadoProject/MulticycleProcessor/MulticycleProcessor.srcs/sources_1/imports/new/ALU_32bit.sv" into library xil_defaultlib
INFO: [VRFC 10-311] analyzing module ALU_32bit
INFO: [VRFC 10-2263] Analyzing SystemVerilog file "D:/Development/VivadoProject/MulticycleProcessor/MulticycleProcessor.srcs/sources_1/imports/new/aludec.sv" into library xil_defaultlib
INFO: [VRFC 10-311] analyzing module aludec
INFO: [VRFC 10-2263] Analyzing SystemVerilog file "D:/Development/VivadoProject/MulticycleProcessor/MulticycleProcessor.srcs/sources_1/new/controller.sv" into library xil_defaultlib
INFO: [VRFC 10-311] analyzing module controller
INFO: [VRFC 10-2263] Analyzing SystemVerilog file "D:/Development/VivadoProject/MulticycleProcessor/MulticycleProcessor.srcs/sources_1/new/datapath.sv" into library xil_defaultlib
INFO: [VRFC 10-311] analyzing module datapath
INFO: [VRFC 10-2263] Analyzing SystemVerilog file "D:/Development/VivadoProject/MulticycleProcessor/MulticycleProcessor.srcs/sources_1/imports/new/dmux.sv" into library xil_defaultlib
INFO: [VRFC 10-311] analyzing module dmux
INFO: [VRFC 10-2263] Analyzing SystemVerilog file "D:/Development/VivadoProject/MulticycleProcessor/MulticycleProcessor.srcs/sources_1/new/flopenr.sv" into library xil_defaultlib
INFO: [VRFC 10-311] analyzing module flopenr
INFO: [VRFC 10-2263] Analyzing SystemVerilog file "D:/Development/VivadoProject/MulticycleProcessor/MulticycleProcessor.srcs/sources_1/imports/new/flopr.sv" into library xil_defaultlib
INFO: [VRFC 10-311] analyzing module flopr
INFO: [VRFC 10-2263] Analyzing SystemVerilog file "D:/Development/VivadoProject/MulticycleProcessor/MulticycleProcessor.srcs/sources_1/new/instrDataMemory.sv" into library xil_defaultlib
INFO: [VRFC 10-311] analyzing module instrDataMemory
INFO: [VRFC 10-2263] Analyzing SystemVerilog file "D:/Development/VivadoProject/MulticycleProcessor/MulticycleProcessor.srcs/sources_1/new/maindec.sv" into library xil_defaultlib
INFO: [VRFC 10-311] analyzing module maindec
INFO: [VRFC 10-2263] Analyzing SystemVerilog file "D:/Development/VivadoProject/MulticycleProcessor/MulticycleProcessor.srcs/sources_1/new/mips.sv" into library xil_defaultlib
INFO: [VRFC 10-311] analyzing module mips
INFO: [VRFC 10-2263] Analyzing SystemVerilog file "D:/Development/VivadoProject/MulticycleProcessor/MulticycleProcessor.srcs/sources_1/new/mips_Top.sv" into library xil_defaultlib
INFO: [VRFC 10-311] analyzing module mips_Top
INFO: [VRFC 10-2263] Analyzing SystemVerilog file "D:/Development/VivadoProject/MulticycleProcessor/MulticycleProcessor.srcs/sources_1/imports/new/mux2.sv" into library xil_defaultlib
INFO: [VRFC 10-311] analyzing module mux2
INFO: [VRFC 10-2263] Analyzing SystemVerilog file "D:/Development/VivadoProject/MulticycleProcessor/MulticycleProcessor.srcs/sources_1/new/mux4.sv" into library xil_defaultlib
INFO: [VRFC 10-311] analyzing module mux4
INFO: [VRFC 10-2263] Analyzing SystemVerilog file "D:/Development/VivadoProject/MulticycleProcessor/MulticycleProcessor.srcs/sources_1/imports/new/regfile.sv" into library xil_defaultlib
INFO: [VRFC 10-311] analyzing module regfile
INFO: [VRFC 10-2263] Analyzing SystemVerilog file "D:/Development/VivadoProject/MulticycleProcessor/MulticycleProcessor.srcs/sources_1/imports/new/signext.sv" into library xil_defaultlib
INFO: [VRFC 10-311] analyzing module signext
INFO: [VRFC 10-2263] Analyzing SystemVerilog file "D:/Development/VivadoProject/MulticycleProcessor/MulticycleProcessor.srcs/sources_1/imports/new/sl2.sv" into library xil_defaultlib
INFO: [VRFC 10-311] analyzing module sl2
INFO: [VRFC 10-2263] Analyzing SystemVerilog file "D:/Development/VivadoProject/MulticycleProcessor/MulticycleProcessor.srcs/sources_1/imports/new/zeroext.sv" into library xil_defaultlib
INFO: [VRFC 10-311] analyzing module zeroext
INFO: [VRFC 10-2263] Analyzing SystemVerilog file "D:/Development/VivadoProject/MulticycleProcessor/MulticycleProcessor.srcs/sim_1/imports/new/testbench.sv" into library xil_defaultlib
INFO: [VRFC 10-311] analyzing module testbench
