INFO: [VRFC 10-2263] Analyzing SystemVerilog file "D:/Development/VivadoProject/MIPS_Single_Cycle/MIPS_Single_Cycle.srcs/sources_1/new/ALU_32bit.sv" into library xil_defaultlib
INFO: [VRFC 10-311] analyzing module ALU_32bit
INFO: [VRFC 10-2263] Analyzing SystemVerilog file "D:/Development/VivadoProject/MIPS_Single_Cycle/MIPS_Single_Cycle.srcs/sources_1/new/adder.sv" into library xil_defaultlib
INFO: [VRFC 10-311] analyzing module adder
INFO: [VRFC 10-2263] Analyzing SystemVerilog file "D:/Development/VivadoProject/MIPS_Single_Cycle/MIPS_Single_Cycle.srcs/sources_1/new/aludec.sv" into library xil_defaultlib
INFO: [VRFC 10-311] analyzing module aludec
INFO: [VRFC 10-2263] Analyzing SystemVerilog file "D:/Development/VivadoProject/MIPS_Single_Cycle/MIPS_Single_Cycle.srcs/sources_1/new/controller.sv" into library xil_defaultlib
INFO: [VRFC 10-311] analyzing module controller
INFO: [VRFC 10-2263] Analyzing SystemVerilog file "D:/Development/VivadoProject/MIPS_Single_Cycle/MIPS_Single_Cycle.srcs/sources_1/new/datapath.sv" into library xil_defaultlib
INFO: [VRFC 10-311] analyzing module datapath
INFO: [VRFC 10-2263] Analyzing SystemVerilog file "D:/Development/VivadoProject/MIPS_Single_Cycle/MIPS_Single_Cycle.srcs/sources_1/new/dmem.sv" into library xil_defaultlib
INFO: [VRFC 10-311] analyzing module dmem
INFO: [VRFC 10-2263] Analyzing SystemVerilog file "D:/Development/VivadoProject/MIPS_Single_Cycle/MIPS_Single_Cycle.srcs/sources_1/new/dmux.sv" into library xil_defaultlib
INFO: [VRFC 10-311] analyzing module dmux
INFO: [VRFC 10-2263] Analyzing SystemVerilog file "D:/Development/VivadoProject/MIPS_Single_Cycle/MIPS_Single_Cycle.srcs/sources_1/new/flopr.sv" into library xil_defaultlib
INFO: [VRFC 10-311] analyzing module flopr
INFO: [VRFC 10-2263] Analyzing SystemVerilog file "D:/Development/VivadoProject/MIPS_Single_Cycle/MIPS_Single_Cycle.srcs/sources_1/new/imem.sv" into library xil_defaultlib
INFO: [VRFC 10-311] analyzing module imem
INFO: [VRFC 10-2263] Analyzing SystemVerilog file "D:/Development/VivadoProject/MIPS_Single_Cycle/MIPS_Single_Cycle.srcs/sources_1/new/maindec.sv" into library xil_defaultlib
INFO: [VRFC 10-311] analyzing module maindec
INFO: [VRFC 10-2263] Analyzing SystemVerilog file "D:/Development/VivadoProject/MIPS_Single_Cycle/MIPS_Single_Cycle.srcs/sources_1/new/mips.sv" into library xil_defaultlib
INFO: [VRFC 10-311] analyzing module mips
INFO: [VRFC 10-2263] Analyzing SystemVerilog file "D:/Development/VivadoProject/MIPS_Single_Cycle/MIPS_Single_Cycle.srcs/sources_1/new/mips_Top.sv" into library xil_defaultlib
INFO: [VRFC 10-311] analyzing module mips_Top
INFO: [VRFC 10-2263] Analyzing SystemVerilog file "D:/Development/VivadoProject/MIPS_Single_Cycle/MIPS_Single_Cycle.srcs/sources_1/new/mux2.sv" into library xil_defaultlib
INFO: [VRFC 10-311] analyzing module mux2
INFO: [VRFC 10-2263] Analyzing SystemVerilog file "D:/Development/VivadoProject/MIPS_Single_Cycle/MIPS_Single_Cycle.srcs/sources_1/new/regfile.sv" into library xil_defaultlib
INFO: [VRFC 10-311] analyzing module regfile
INFO: [VRFC 10-2263] Analyzing SystemVerilog file "D:/Development/VivadoProject/MIPS_Single_Cycle/MIPS_Single_Cycle.srcs/sources_1/new/signext.sv" into library xil_defaultlib
INFO: [VRFC 10-311] analyzing module signext
INFO: [VRFC 10-2263] Analyzing SystemVerilog file "D:/Development/VivadoProject/MIPS_Single_Cycle/MIPS_Single_Cycle.srcs/sources_1/new/sl2.sv" into library xil_defaultlib
INFO: [VRFC 10-311] analyzing module sl2
INFO: [VRFC 10-2263] Analyzing SystemVerilog file "D:/Development/VivadoProject/MIPS_Single_Cycle/MIPS_Single_Cycle.srcs/sources_1/new/zeroext.sv" into library xil_defaultlib
INFO: [VRFC 10-311] analyzing module zeroext
INFO: [VRFC 10-2263] Analyzing SystemVerilog file "D:/Development/VivadoProject/MIPS_Single_Cycle/MIPS_Single_Cycle.srcs/sim_1/new/testbench.sv" into library xil_defaultlib
INFO: [VRFC 10-311] analyzing module testbench
